<?xml version="1.0" encoding="UTF-8"?>
<TestRun id="1090e390-a952-4109-98cd-8bccf14d693d" name="Filip@DESKTOP-D6UEJET 2016-02-05 16:21:18" runUser="DESKTOP-D6UEJET\Filip" xmlns="http://microsoft.com/schemas/VisualStudio/TeamTest/2010">
  <TestSettings name="Default Test Settings" id="d42fc087-4e0b-4695-923c-f08889473ec5">
    <Deployment runDeploymentRoot="Filip_DESKTOP-D6UEJET 2016-02-05 16_21_18">
      <DeploymentItem filename="D:\GitHubVisualStudio\Musicstore\packages\Microsoft.AspNet.WebApi.Client.5.2.3\lib\net45\System.Net.Http.Formatting.dll" />
      <DeploymentItem filename="D:\GitHubVisualStudio\Musicstore\packages\Captcha.3.0.18.0\lib\net45\BotDetect.Web.UI.Mvc.dll" />
      <DeploymentItem filename="D:\GitHubVisualStudio\Musicstore\packages\Microsoft.AspNet.Mvc.5.2.3\lib\net45\System.Web.Mvc.dll" />
      <DeploymentItem filename="D:\GitHubVisualStudio\Musicstore\packages\MvcCheckBoxList.1.4.5\lib\net45\MvcCheckBoxList.dll" />
      <DeploymentItem filename="D:\GitHubVisualStudio\Musicstore\packages\Captcha.3.0.18.0\lib\net45\BotDetect.dll" />
      <DeploymentItem filename="D:\GitHubVisualStudio\Musicstore\packages\Microsoft.AspNet.WebPages.3.2.3\lib\net45\System.Web.Helpers.dll" />
      <DeploymentItem filename="D:\GitHubVisualStudio\Musicstore\Musicstore\bin\Musicstore.dll" />
      <DeploymentItem filename="D:\GitHubVisualStudio\Musicstore\packages\Microsoft.AspNet.WebPages.3.2.3\lib\net45\System.Web.WebPages.dll" />
      <DeploymentItem filename="D:\GitHubVisualStudio\Musicstore\packages\Microsoft.Web.Infrastructure.1.0.0.0\lib\net40\Microsoft.Web.Infrastructure.dll" />
      <DeploymentItem filename="D:\GitHubVisualStudio\Musicstore\packages\EntityFramework.6.1.3\lib\net45\EntityFramework.SqlServer.dll" />
      <DeploymentItem filename="D:\GitHubVisualStudio\Musicstore\packages\Microsoft.AspNet.WebPages.3.2.3\lib\net45\System.Web.WebPages.Deployment.dll" />
      <DeploymentItem filename="D:\GitHubVisualStudio\Musicstore\packages\Newtonsoft.Json.8.0.2\lib\net45\Newtonsoft.Json.dll" />
      <DeploymentItem filename="D:\GitHubVisualStudio\Musicstore\packages\EntityFramework.6.1.3\lib\net45\EntityFramework.dll" />
      <DeploymentItem filename="D:\GitHubVisualStudio\Musicstore\packages\Microsoft.AspNet.WebPages.3.2.3\lib\net45\System.Web.WebPages.Razor.dll" />
      <DeploymentItem filename="D:\GitHubVisualStudio\Musicstore\packages\Microsoft.AspNet.Razor.3.2.3\lib\net45\System.Web.Razor.dll" />
    </Deployment>
    <Execution>
      <TestTypeSpecific />
      <AgentRule name="Execution Agents">
      </AgentRule>
    </Execution>
    <Properties />
  </TestSettings>
  <Times creation="2016-02-05T16:21:18.8473026+01:00" queuing="2016-02-05T16:21:21.7723312+01:00" start="2016-02-05T16:21:22.3736547+01:00" finish="2016-02-05T16:21:23.1530966+01:00" />
  <ResultSummary outcome="Completed">
    <Counters total="1" executed="1" passed="1" error="0" failed="0" timeout="0" aborted="0" inconclusive="0" passedButRunAborted="0" notRunnable="0" notExecuted="0" disconnected="0" warning="0" completed="0" inProgress="0" pending="0" />
  </ResultSummary>
  <TestDefinitions>
    <WebTest name="WebTest1" storage="d:\githubvisualstudio\musicstore\musicstore.tests\controllers\webtest1.webtest" id="07fddc41-5d38-459b-9534-961002a2d450" persistedWebTest="77u/PD94bWwgdmVyc2lvbj0iMS4wIiBlbmNvZGluZz0iVVRGLTgiIHN0YW5kYWxvbmU9InllcyI/Pg0KPFdlYlRlc3QgTmFtZT0iV2ViVGVzdDEiIElkPSIwN2ZkZGM0MS01ZDM4LTQ1OWItOTUzNC05NjEwMDJhMmQ0NTAiIE93bmVyPSIiIFByaW9yaXR5PSIyMTQ3NDgzNjQ3IiBFbmFibGVkPSJUcnVlIiBDc3NQcm9qZWN0U3RydWN0dXJlPSIiIENzc0l0ZXJhdGlvbj0iIiBUaW1lb3V0PSIwIiBXb3JrSXRlbUlkcz0iIiB4bWxucz0iaHR0cDovL21pY3Jvc29mdC5jb20vc2NoZW1hcy9WaXN1YWxTdHVkaW8vVGVhbVRlc3QvMjAxMCIgRGVzY3JpcHRpb249IiIgQ3JlZGVudGlhbFVzZXJOYW1lPSIiIENyZWRlbnRpYWxQYXNzd29yZD0iIiBQcmVBdXRoZW50aWNhdGU9IlRydWUiIFByb3h5PSJkZWZhdWx0IiBTdG9wT25FcnJvcj0iRmFsc2UiIFJlY29yZGVkUmVzdWx0RmlsZT0iIiBSZXN1bHRzTG9jYWxlPSIiIC8+">
      <Execution id="48125f84-3aec-45fc-b210-6c5986750e26" />
    </WebTest>
  </TestDefinitions>
  <TestLists>
    <TestList name="Results Not in a List" id="8c84fa94-04c1-424b-9868-57a2d4851a1d" />
    <TestList name="All Loaded Results" id="19431567-8539-422a-85d7-44ee4e166bda" />
  </TestLists>
  <TestEntries>
    <TestEntry isTransparent="false" testId="07fddc41-5d38-459b-9534-961002a2d450" executionId="48125f84-3aec-45fc-b210-6c5986750e26" testListId="8c84fa94-04c1-424b-9868-57a2d4851a1d" />
  </TestEntries>
  <Results>
    <WebTestResult executionId="48125f84-3aec-45fc-b210-6c5986750e26" testId="07fddc41-5d38-459b-9534-961002a2d450" testName="WebTest1" computerName="DESKTOP-D6UEJET" duration="00:00:00.0152888" startTime="2016-02-05T16:21:22.5898561+01:00" endTime="2016-02-05T16:21:23.0058353+01:00" testType="4e7599fa-5ecb-43e9-a887-cd63cf72d207" outcome="Passed" testListId="8c84fa94-04c1-424b-9868-57a2d4851a1d" relativeResultsDirectory="48125f84-3aec-45fc-b210-6c5986750e26">
      <ResultFiles>
        <ResultFile path="WebTest1.webtestResult" />
      </ResultFiles>
      <TestSettings name="Default Test Settings" id="d42fc087-4e0b-4695-923c-f08889473ec5">
        <Deployment runDeploymentRoot="Filip_DESKTOP-D6UEJET 2016-02-05 16_21_18">
          <DeploymentItem filename="D:\GitHubVisualStudio\Musicstore\packages\Microsoft.AspNet.WebApi.Client.5.2.3\lib\net45\System.Net.Http.Formatting.dll" />
          <DeploymentItem filename="D:\GitHubVisualStudio\Musicstore\packages\Captcha.3.0.18.0\lib\net45\BotDetect.Web.UI.Mvc.dll" />
          <DeploymentItem filename="D:\GitHubVisualStudio\Musicstore\packages\Microsoft.AspNet.Mvc.5.2.3\lib\net45\System.Web.Mvc.dll" />
          <DeploymentItem filename="D:\GitHubVisualStudio\Musicstore\packages\MvcCheckBoxList.1.4.5\lib\net45\MvcCheckBoxList.dll" />
          <DeploymentItem filename="D:\GitHubVisualStudio\Musicstore\packages\Captcha.3.0.18.0\lib\net45\BotDetect.dll" />
          <DeploymentItem filename="D:\GitHubVisualStudio\Musicstore\packages\Microsoft.AspNet.WebPages.3.2.3\lib\net45\System.Web.Helpers.dll" />
          <DeploymentItem filename="D:\GitHubVisualStudio\Musicstore\Musicstore\bin\Musicstore.dll" />
          <DeploymentItem filename="D:\GitHubVisualStudio\Musicstore\packages\Microsoft.AspNet.WebPages.3.2.3\lib\net45\System.Web.WebPages.dll" />
          <DeploymentItem filename="D:\GitHubVisualStudio\Musicstore\packages\Microsoft.Web.Infrastructure.1.0.0.0\lib\net40\Microsoft.Web.Infrastructure.dll" />
          <DeploymentItem filename="D:\GitHubVisualStudio\Musicstore\packages\EntityFramework.6.1.3\lib\net45\EntityFramework.SqlServer.dll" />
          <DeploymentItem filename="D:\GitHubVisualStudio\Musicstore\packages\Microsoft.AspNet.WebPages.3.2.3\lib\net45\System.Web.WebPages.Deployment.dll" />
          <DeploymentItem filename="D:\GitHubVisualStudio\Musicstore\packages\Newtonsoft.Json.8.0.2\lib\net45\Newtonsoft.Json.dll" />
          <DeploymentItem filename="D:\GitHubVisualStudio\Musicstore\packages\EntityFramework.6.1.3\lib\net45\EntityFramework.dll" />
          <DeploymentItem filename="D:\GitHubVisualStudio\Musicstore\packages\Microsoft.AspNet.WebPages.3.2.3\lib\net45\System.Web.WebPages.Razor.dll" />
          <DeploymentItem filename="D:\GitHubVisualStudio\Musicstore\packages\Microsoft.AspNet.Razor.3.2.3\lib\net45\System.Web.Razor.dll" />
        </Deployment>
        <Execution>
          <TestTypeSpecific>
            <WebTestRunConfiguration testTypeId="4e7599fa-5ecb-43e9-a887-cd63cf72d207">
              <Browser name="Internet Explorer 9.0" MaxConnections="6">
                <Headers>
                  <Header name="User-Agent" value="Mozilla/5.0 (compatible; MSIE 9.0; Windows NT 6.1; Trident/5.0)" />
                  <Header name="Accept" value="*/*" />
                  <Header name="Accept-Language" value="{{$IEAcceptLanguage}}" />
                  <Header name="Accept-Encoding" value="GZIP" />
                </Headers>
              </Browser>
            </WebTestRunConfiguration>
          </TestTypeSpecific>
          <AgentRule name="Execution Agents">
          </AgentRule>
        </Execution>
        <Properties />
      </TestSettings>
      <WebTestResultFilePath>Filip_DESKTOP-D6UEJET 2016-02-05 16_21_18\In\48125f84-3aec-45fc-b210-6c5986750e26\WebTest1.webtestResult</WebTestResultFilePath>
    </WebTestResult>
  </Results>
</TestRun>